<?xml version="1.0" encoding="UTF-8"?>
<!-- Generated by org.testng.reporters.JUnitReportReporter -->
<testsuite hostname="LAPTOP-TGQQB38T" failures="0" tests="2" name="com.MyStore.TestCases.SignTC" time="12.123" errors="0" timestamp="11 Apr 2024 08:13:41 GMT" skipped="0">
  <testcase classname="com.MyStore.TestCases.SignTC" name="VerifyHomePageTitle" time="5.284"/>
  <testcase classname="com.MyStore.TestCases.SignTC" name="ClickOnSignInFromHomePage" time="6.839"/>
</testsuite> <!-- com.MyStore.TestCases.SignTC -->
