<?xml version="1.0" encoding="UTF-8"?>
<!-- Generated by org.testng.reporters.JUnitReportReporter -->
<testsuite hostname="LAPTOP-TGQQB38T" failures="0" tests="1" name="com.MyStore.TestCases.SignPageTC" time="6.742" errors="0" timestamp="11 Apr 2024 08:21:14 GMT" skipped="0">
  <testcase classname="com.MyStore.TestCases.SignPageTC" name="ClickOnSignInFromHomePageAndverifyTitle" time="6.742"/>
</testsuite> <!-- com.MyStore.TestCases.SignPageTC -->
